#
# A fatal error has been detected by the Java Runtime Environment:
#
#  SIGSEGV (0xb) at pc=0x000000010e546d7c, pid=5224, tid=20995
#
# JRE version: Java(TM) SE Runtime Environment (8.0_73-b02) (build 1.8.0_73-b02)
# Java VM: Java HotSpot(TM) 64-Bit Server VM (25.73-b02 mixed mode bsd-amd64 compressed oops)
# Problematic frame:
# V  [libjvm.dylib+0x446d7c]  Method::checked_resolve_jmethod_id(_jmethodID*)+0xe
#
# Failed to write core dump. Core dumps have been disabled. To enable core dumping, try "ulimit -c unlimited" before starting Java again
#
# If you would like to submit a bug report, please visit:
#   http://bugreport.java.com/bugreport/crash.jsp
#

---------------  T H R E A D  ---------------

Current thread (0x00007fcd5c038000):  JavaThread "JDWP Transport Listener: dt_socket" daemon [_thread_in_vm, id=20995, stack(0x000000012557f000,0x000000012567f000)]

siginfo: si_signo: 11 (SIGSEGV), si_code: 0 (unknown), si_addr: 0x0000000000000000

Registers:
RAX=0x0000000000000001, RBX=0x000000012567eaab, RCX=0x000000010e915340, RDX=0x000000012567eaab
RSP=0x000000012567e9f0, RBP=0x000000012567ea00, RSI=0x00007fcd5c038000, RDI=0x80003b6e6f697463
R8 =0x0000000000000000, R9 =0x00007fcd5ae30060, R10=0x00000000134c25a4, R11=0x0000000059defa03
R12=0x00007fcd5c038000, R13=0x80003b6e6f697463, R14=0x80003b6e6f697463, R15=0x00007fcd5ad01bd0
RIP=0x000000010e546d7c, EFLAGS=0x0000000000010286, ERR=0x0000000000000000
  TRAPNO=0x000000000000000d

Top of Stack: (sp=0x000000012567e9f0)
0x000000012567e9f0:   000000012567eaab 000000012567eaab
0x000000012567ea00:   000000012567ea60 000000010e455dda
0x000000012567ea10:   00007fcd5c038000 0000000000000000
0x000000012567ea20:   0000000000000000 0000000000000000
0x000000012567ea30:   00007fcd5c038000 00007fcd5c038000
0x000000012567ea40:   000000012567eaab 000000012567eab0
0x000000012567ea50:   80003b6e6f697463 000000000000000d
0x000000012567ea60:   000000012567ea80 000000010f1e5780
0x000000012567ea70:   0000000000000001 000000012567eb28
0x000000012567ea80:   000000012567eaf0 000000010f1ca1f3
0x000000012567ea90:   000000012567eac0 00007fcd5ae1e5b0
0x000000012567eaa0:   0000000e00000032 0000000a0067eb28
0x000000012567eab0:   0000000000000000 0000000000000000
0x000000012567eac0:   0000000000000000 000000012567ecb0
0x000000012567ead0:   000000010f1ece7a 00007fcd5ad3bd20
0x000000012567eae0:   000000012567eb28 000000010f1f8598
0x000000012567eaf0:   000000012567eb00 000000010f1ca2ec
0x000000012567eb00:   000000012567ed20 000000010f1d3898
0x000000012567eb10:   0000201e00000013 00007fcd5a0f0200
0x000000012567eb20:   00007fcd5ad39e90 00007fcd5e84065c
0x000000012567eb30:   00007fcd00000454 00007fcd5ae30dd0
0x000000012567eb40:   00007fcd0000012c 000000012567eb78
0x000000012567eb50:   00007fcd5ae21c80 00007f0000000000
0x000000012567eb60:   0000201e0000001c 00007fcd00006f80
0x000000012567eb70:   000000012567eb78 cd7f00000e000000
0x000000012567eb80:   08000000481ce25a 3e74696e696c633c
0x000000012567eb90:   0056292803000000 0008000000000000
0x000000012567eba0:   00401ce25acd7f00 74696e693c060000
0x000000012567ebb0:   562928030000003e 0100000000000000
0x000000012567ebc0:   501ce25acd7f0000 6e69616d04000000
0x000000012567ebd0:   6a4c5b2816000000 676e616c2f617661
0x000000012567ebe0:   3b676e697274532f 0000000000005629 

Instructions: (pc=0x000000010e546d7c)
0x000000010e546d5c:   40 48 48 85 c0 75 e0 30 c0 0f b6 c0 5d c3 31 c0
0x000000010e546d6c:   5d c3 55 48 89 e5 53 48 83 ec 08 48 85 ff 74 24
0x000000010e546d7c:   48 8b 1f 48 85 db 74 1c 48 83 fb 37 74 16 48 8b
0x000000010e546d8c:   03 48 89 df ff 50 10 84 c0 b8 00 00 00 00 48 0f 

Register to memory mapping:

RAX=0x0000000000000001 is an unknown value
RBX=0x000000012567eaab is pointing into the stack for thread: 0x00007fcd5c038000
RCX=0x000000010e915340: UseMembar+0 in /Library/Java/JavaVirtualMachines/jdk1.8.0_73.jdk/Contents/Home/jre/lib/server/libjvm.dylib at 0x000000010e100000
RDX=0x000000012567eaab is pointing into the stack for thread: 0x00007fcd5c038000
RSP=0x000000012567e9f0 is pointing into the stack for thread: 0x00007fcd5c038000
RBP=0x000000012567ea00 is pointing into the stack for thread: 0x00007fcd5c038000
RSI=0x00007fcd5c038000 is a thread
RDI=0x80003b6e6f697463 is an unknown value
R8 =0x0000000000000000 is an unknown value
R9 =0x00007fcd5ae30060 is an unknown value
R10=0x00000000134c25a4 is an unknown value
R11=0x0000000059defa03 is an unknown value
R12=0x00007fcd5c038000 is a thread
R13=0x80003b6e6f697463 is an unknown value
R14=0x80003b6e6f697463 is an unknown value
R15=0x00007fcd5ad01bd0 is an unknown value


Stack: [0x000000012557f000,0x000000012567f000],  sp=0x000000012567e9f0,  free space=1022k
Native frames: (J=compiled Java code, j=interpreted, Vv=VM code, C=native code)
V  [libjvm.dylib+0x446d7c]  Method::checked_resolve_jmethod_id(_jmethodID*)+0xe
V  [libjvm.dylib+0x355dda]  jvmti_IsMethodSynthetic+0xb2
C  [libjdwp.dylib+0x20780]  isMethodSynthetic+0x63
C  [libjdwp.dylib+0x51f3]  methods1+0x10b
C  [libjdwp.dylib+0x52ec]  methodsWithGeneric+0xe
C  [libjdwp.dylib+0xe898]  debugLoop_run+0x1ce
C  [libjdwp.dylib+0x1f6ba]  attachThread+0x4d
V  [libjvm.dylib+0x397138]  JvmtiAgentThread::call_start_function()+0x38
V  [libjvm.dylib+0x561753]  JavaThread::thread_main_inner()+0x9b
V  [libjvm.dylib+0x562e4e]  JavaThread::run()+0x1c2
V  [libjvm.dylib+0x4838a2]  _ZL10java_startP6Thread+0xf6
C  [libsystem_c.dylib+0x4e8bf]  _pthread_start+0x14f
C  [libsystem_c.dylib+0x51b75]  thread_start+0xd
C  0x0000000000000000


---------------  P R O C E S S  ---------------

Java Threads: ( => current thread )
  0x00007fcd5d04a800 JavaThread "Service Thread" daemon [_thread_blocked, id=24067, stack(0x0000000125b91000,0x0000000125c91000)]
  0x00007fcd5d00f800 JavaThread "C1 CompilerThread2" daemon [_thread_blocked, id=23555, stack(0x0000000125a8e000,0x0000000125b8e000)]
  0x00007fcd5d00e800 JavaThread "C2 CompilerThread1" daemon [_thread_blocked, id=23043, stack(0x000000012598b000,0x0000000125a8b000)]
  0x00007fcd5d008000 JavaThread "C2 CompilerThread0" daemon [_thread_blocked, id=22531, stack(0x0000000125888000,0x0000000125988000)]
  0x00007fcd5c03d000 JavaThread "JDWP Command Reader" daemon [_thread_in_native, id=22019, stack(0x0000000125785000,0x0000000125885000)]
  0x00007fcd5c03c000 JavaThread "JDWP Event Helper Thread" daemon [_thread_blocked, id=21507, stack(0x0000000125682000,0x0000000125782000)]
=>0x00007fcd5c038000 JavaThread "JDWP Transport Listener: dt_socket" daemon [_thread_in_vm, id=20995, stack(0x000000012557f000,0x000000012567f000)]
  0x00007fcd5b829800 JavaThread "Signal Dispatcher" daemon [_thread_blocked, id=20483, stack(0x0000000125475000,0x0000000125575000)]
  0x00007fcd5c066000 JavaThread "Finalizer" daemon [_thread_blocked, id=16131, stack(0x0000000125185000,0x0000000125285000)]
  0x00007fcd5c065000 JavaThread "Reference Handler" daemon [_thread_blocked, id=15619, stack(0x0000000125082000,0x0000000125182000)]
  0x00007fcd5c005800 JavaThread "main" [_thread_blocked, id=7683, stack(0x000000010f08e000,0x000000010f18e000)]

Other Threads:
  0x00007fcd5c062800 VMThread [stack: 0x0000000124f7f000,0x000000012507f000] [id=15107]
  0x00007fcd5d00d000 WatcherThread [stack: 0x0000000125c94000,0x0000000125d94000] [id=24579]

VM state:not at safepoint (normal execution)

VM Mutex/Monitor currently owned by a thread: None

Heap:
 PSYoungGen      total 38400K, used 30135K [0x0000000795580000, 0x0000000798000000, 0x00000007c0000000)
  eden space 33280K, 90% used [0x0000000795580000,0x00000007972edec0,0x0000000797600000)
  from space 5120K, 0% used [0x0000000797b00000,0x0000000797b00000,0x0000000798000000)
  to   space 5120K, 0% used [0x0000000797600000,0x0000000797600000,0x0000000797b00000)
 ParOldGen       total 87552K, used 0K [0x0000000740000000, 0x0000000745580000, 0x0000000795580000)
  object space 87552K, 0% used [0x0000000740000000,0x0000000740000000,0x0000000745580000)
 Metaspace       used 3947K, capacity 4744K, committed 4864K, reserved 1056768K
  class space    used 395K, capacity 402K, committed 512K, reserved 1048576K

Card table byte_map: [0x000000011e5d0000,0x000000011e9d1000] byte_map_base: 0x000000011abd0000

Marking Bits: (ParMarkBitMap*) 0x000000010e9e3ea0
 Begin Bits: [0x000000011f088000, 0x0000000121088000)
 End Bits:   [0x0000000121088000, 0x0000000123088000)

Polling page: 0x000000010dfcc000

CodeCache: size=245760Kb used=2671Kb max_used=2681Kb free=243088Kb
 bounds [0x000000010f210000, 0x000000010f4c0000, 0x000000011e210000]
 total_blobs=745 nmethods=502 adapters=166
 compilation: enabled

Compilation events (10 events):
Event: 5.829 Thread 0x00007fcd5d008000 nmethod 487 0x000000010f4a8790 code [0x000000010f4a88e0, 0x000000010f4a89b8]
Event: 5.833 Thread 0x00007fcd5d00e800 nmethod 505 0x000000010f4ac110 code [0x000000010f4ac280, 0x000000010f4ac978]
Event: 10.469 Thread 0x00007fcd5d008000  509       4       java.lang.StringBuilder::<init> (7 bytes)
Event: 10.469 Thread 0x00007fcd5d00f800  510       3       java.lang.StringBuilder::append (8 bytes)
Event: 10.469 Thread 0x00007fcd5d00f800 nmethod 510 0x000000010f484d10 code [0x000000010f484ea0, 0x000000010f485228]
Event: 10.469 Thread 0x00007fcd5d00f800  511       3       java.lang.AbstractStringBuilder::append (29 bytes)
Event: 10.469 Thread 0x00007fcd5d00f800 nmethod 511 0x000000010f484710 code [0x000000010f484880, 0x000000010f484ba8]
Event: 10.470 Thread 0x00007fcd5d008000 nmethod 509 0x000000010f4ace90 code [0x000000010f4acfe0, 0x000000010f4ad0d8]
Event: 16.662 Thread 0x00007fcd5d00f800  512       1       java.util.ArrayList::access$100 (5 bytes)
Event: 16.662 Thread 0x00007fcd5d00f800 nmethod 512 0x000000010f4acb90 code [0x000000010f4acce0, 0x000000010f4acdd0]

GC Heap History (0 events):
No events

Deoptimization events (6 events):
Event: 0.220 Thread 0x00007fcd5c005800 Uncommon trap: reason=unstable_if action=reinterpret pc=0x000000010f332640 method=java.lang.String.indexOf([CII[CIII)I @ 3
Event: 0.356 Thread 0x00007fcd5c005800 Uncommon trap: reason=unstable_if action=reinterpret pc=0x000000010f3787e4 method=java.lang.String.substring(II)Ljava/lang/String; @ 58
Event: 5.796 Thread 0x00007fcd5c005800 Uncommon trap: reason=class_check action=maybe_recompile pc=0x000000010f44d470 method=java.util.ArrayList.indexOf(Ljava/lang/Object;)I @ 51
Event: 5.797 Thread 0x00007fcd5c005800 Uncommon trap: reason=class_check action=maybe_recompile pc=0x000000010f44d470 method=java.util.ArrayList.indexOf(Ljava/lang/Object;)I @ 51
Event: 5.797 Thread 0x00007fcd5c005800 Uncommon trap: reason=class_check action=maybe_recompile pc=0x000000010f44d470 method=java.util.ArrayList.indexOf(Ljava/lang/Object;)I @ 51
Event: 5.797 Thread 0x00007fcd5c005800 Uncommon trap: reason=class_check action=maybe_recompile pc=0x000000010f44d470 method=java.util.ArrayList.indexOf(Ljava/lang/Object;)I @ 51

Internal exceptions (10 events):
Event: 0.125 Thread 0x00007fcd5c005800 Exception <a 'java/util/zip/ZipException'> (0x000000079581d550) thrown at [/HUDSON3/workspace/8-2-build-macosx-x86_64/jdk8u73/6086/hotspot/src/share/vm/prims/jni.cpp, line 709]
Event: 0.125 Thread 0x00007fcd5c005800 Exception <a 'java/security/PrivilegedActionException'> (0x000000079581d758) thrown at [/HUDSON3/workspace/8-2-build-macosx-x86_64/jdk8u73/6086/hotspot/src/share/vm/prims/jvm.cpp, line 1386]
Event: 0.125 Thread 0x00007fcd5c005800 Exception <a 'java/security/PrivilegedActionException'> (0x000000079581d968) thrown at [/HUDSON3/workspace/8-2-build-macosx-x86_64/jdk8u73/6086/hotspot/src/share/vm/prims/jvm.cpp, line 1386]
Event: 0.125 Thread 0x00007fcd5c005800 Exception <a 'java/util/zip/ZipException'> (0x000000079581e708) thrown at [/HUDSON3/workspace/8-2-build-macosx-x86_64/jdk8u73/6086/hotspot/src/share/vm/prims/jni.cpp, line 709]
Event: 0.126 Thread 0x00007fcd5c005800 Exception <a 'java/security/PrivilegedActionException'> (0x000000079581e910) thrown at [/HUDSON3/workspace/8-2-build-macosx-x86_64/jdk8u73/6086/hotspot/src/share/vm/prims/jvm.cpp, line 1386]
Event: 0.126 Thread 0x00007fcd5c005800 Exception <a 'java/security/PrivilegedActionException'> (0x000000079581eb20) thrown at [/HUDSON3/workspace/8-2-build-macosx-x86_64/jdk8u73/6086/hotspot/src/share/vm/prims/jvm.cpp, line 1386]
Event: 0.127 Thread 0x00007fcd5c005800 Exception <a 'java/util/zip/ZipException'> (0x0000000795831648) thrown at [/HUDSON3/workspace/8-2-build-macosx-x86_64/jdk8u73/6086/hotspot/src/share/vm/prims/jni.cpp, line 709]
Event: 0.127 Thread 0x00007fcd5c005800 Exception <a 'java/security/PrivilegedActionException'> (0x0000000795831850) thrown at [/HUDSON3/workspace/8-2-build-macosx-x86_64/jdk8u73/6086/hotspot/src/share/vm/prims/jvm.cpp, line 1386]
Event: 0.127 Thread 0x00007fcd5c005800 Exception <a 'java/security/PrivilegedActionException'> (0x0000000795831a60) thrown at [/HUDSON3/workspace/8-2-build-macosx-x86_64/jdk8u73/6086/hotspot/src/share/vm/prims/jvm.cpp, line 1386]
Event: 0.213 Thread 0x00007fcd5c005800 Exception <a 'java/lang/NoSuchMethodError': <clinit>> (0x0000000795defe38) thrown at [/HUDSON3/workspace/8-2-build-macosx-x86_64/jdk8u73/6086/hotspot/src/share/vm/prims/jni.cpp, line 1591]

Events (10 events):
Event: 6.500 Executing VM operation: GetOrSetLocal
Event: 6.500 Executing VM operation: GetOrSetLocal done
Event: 60.387 loading class java/util/Arrays$ArrayList
Event: 60.387 loading class java/util/Arrays$ArrayList done
Event: 60.388 loading class java/util/AbstractList$Itr
Event: 60.388 loading class java/util/AbstractList$Itr done
Event: 394.045 Executing VM operation: RedefineClasses
Event: 394.048 Executing VM operation: RedefineClasses done
Event: 1293.583 Executing VM operation: RedefineClasses
Event: 1293.586 Executing VM operation: RedefineClasses done


Dynamic libraries:
0x000000000dc3a000 	/System/Library/Frameworks/Cocoa.framework/Versions/A/Cocoa
0x000000000dc3a000 	/System/Library/Frameworks/Security.framework/Versions/A/Security
0x000000000dc3a000 	/System/Library/Frameworks/ApplicationServices.framework/Versions/A/ApplicationServices
0x000000000dc3a000 	/usr/lib/libz.1.dylib
0x000000000dc3a000 	/usr/lib/libSystem.B.dylib
0x000000000dc3a000 	/usr/lib/libobjc.A.dylib
0x000000000dc3a000 	/System/Library/Frameworks/CoreFoundation.framework/Versions/A/CoreFoundation
0x000000000dc3a000 	/System/Library/Frameworks/Foundation.framework/Versions/C/Foundation
0x000000000dc3a000 	/System/Library/Frameworks/AppKit.framework/Versions/C/AppKit
0x000000000dc3a000 	/System/Library/Frameworks/CoreData.framework/Versions/A/CoreData
0x000000000dc3a000 	/System/Library/PrivateFrameworks/RemoteViewServices.framework/Versions/A/RemoteViewServices
0x000000000dc3a000 	/System/Library/Frameworks/AudioToolbox.framework/Versions/A/AudioToolbox
0x000000000dc3a000 	/System/Library/Frameworks/AudioUnit.framework/Versions/A/AudioUnit
0x000000000dc3a000 	/System/Library/PrivateFrameworks/DataDetectorsCore.framework/Versions/A/DataDetectorsCore
0x000000000dc3a000 	/System/Library/PrivateFrameworks/DesktopServicesPriv.framework/Versions/A/DesktopServicesPriv
0x000000000dc3a000 	/System/Library/Frameworks/Carbon.framework/Versions/A/Frameworks/HIToolbox.framework/Versions/A/HIToolbox
0x000000000dc3a000 	/System/Library/Frameworks/QuartzCore.framework/Versions/A/QuartzCore
0x000000000dc3a000 	/System/Library/Frameworks/Carbon.framework/Versions/A/Frameworks/SpeechRecognition.framework/Versions/A/SpeechRecognition
0x000000000dc3a000 	/usr/lib/libauto.dylib
0x000000000dc3a000 	/usr/lib/libicucore.A.dylib
0x000000000dc3a000 	/usr/lib/libxml2.2.dylib
0x000000000dc3a000 	/System/Library/PrivateFrameworks/CoreUI.framework/Versions/A/CoreUI
0x000000000dc3a000 	/System/Library/Frameworks/CoreAudio.framework/Versions/A/CoreAudio
0x000000000dc3a000 	/System/Library/Frameworks/DiskArbitration.framework/Versions/A/DiskArbitration
0x000000000dc3a000 	/usr/lib/liblangid.dylib
0x000000000dc3a000 	/System/Library/PrivateFrameworks/MultitouchSupport.framework/Versions/A/MultitouchSupport
0x000000000dc3a000 	/System/Library/Frameworks/IOKit.framework/Versions/A/IOKit
0x000000000dc3a000 	/usr/lib/libDiagnosticMessagesClient.dylib
0x000000000dc3a000 	/System/Library/Frameworks/CoreServices.framework/Versions/A/CoreServices
0x000000000dc3a000 	/System/Library/PrivateFrameworks/PerformanceAnalysis.framework/Versions/A/PerformanceAnalysis
0x000000000dc3a000 	/System/Library/PrivateFrameworks/GenerationalStorage.framework/Versions/A/GenerationalStorage
0x000000000dc3a000 	/System/Library/Frameworks/OpenGL.framework/Versions/A/OpenGL
0x000000000dc3a000 	/System/Library/Frameworks/CoreServices.framework/Versions/A/Frameworks/CFNetwork.framework/Versions/A/CFNetwork
0x000000000dc3a000 	/System/Library/Frameworks/SystemConfiguration.framework/Versions/A/SystemConfiguration
0x000000000dc3a000 	/usr/lib/libCRFSuite.dylib
0x000000000dc3a000 	/usr/lib/libc++.1.dylib
0x000000000dc3a000 	/usr/lib/libstdc++.6.dylib
0x000000000dc3a000 	/usr/lib/libc++abi.dylib
0x000000000dc3a000 	/usr/lib/system/libcache.dylib
0x000000000dc3a000 	/usr/lib/system/libcommonCrypto.dylib
0x000000000dc3a000 	/usr/lib/system/libcompiler_rt.dylib
0x000000000dc3a000 	/usr/lib/system/libcopyfile.dylib
0x000000000dc3a000 	/usr/lib/system/libdispatch.dylib
0x000000000dc3a000 	/usr/lib/system/libdnsinfo.dylib
0x000000000dc3a000 	/usr/lib/system/libdyld.dylib
0x000000000dc3a000 	/usr/lib/system/libkeymgr.dylib
0x000000000dc3a000 	/usr/lib/system/liblaunch.dylib
0x000000000dc3a000 	/usr/lib/system/libmacho.dylib
0x000000000dc3a000 	/usr/lib/system/libmathCommon.A.dylib
0x000000000dc3a000 	/usr/lib/system/libquarantine.dylib
0x000000000dc3a000 	/usr/lib/system/libremovefile.dylib
0x000000000dc3a000 	/usr/lib/system/libsystem_blocks.dylib
0x000000000dc3a000 	/usr/lib/system/libsystem_c.dylib
0x000000000dc3a000 	/usr/lib/system/libsystem_dnssd.dylib
0x000000000dc3a000 	/usr/lib/system/libsystem_info.dylib
0x000000000dc3a000 	/usr/lib/system/libsystem_kernel.dylib
0x000000000dc3a000 	/usr/lib/system/libsystem_network.dylib
0x000000000dc3a000 	/usr/lib/system/libsystem_notify.dylib
0x000000000dc3a000 	/usr/lib/system/libsystem_sandbox.dylib
0x000000000dc3a000 	/usr/lib/system/libunc.dylib
0x000000000dc3a000 	/usr/lib/system/libunwind.dylib
0x000000000dc3a000 	/usr/lib/system/libxpc.dylib
0x000000000dc3a000 	/usr/lib/libbsm.0.dylib
0x000000000dc3a000 	/usr/lib/libsqlite3.dylib
0x000000000dc3a000 	/usr/lib/libOpenScriptingUtil.dylib
0x000000000dc3a000 	/usr/lib/libpam.2.dylib
0x000000000dc3a000 	/usr/lib/libxar-nossl.dylib
0x000000000dc3a000 	/usr/lib/libbz2.1.0.dylib
0x000000000dc3a000 	/System/Library/Frameworks/CoreServices.framework/Versions/A/Frameworks/CarbonCore.framework/Versions/A/CarbonCore
0x000000000dc3a000 	/System/Library/Frameworks/CoreServices.framework/Versions/A/Frameworks/Metadata.framework/Versions/A/Metadata
0x000000000dc3a000 	/System/Library/Frameworks/CoreServices.framework/Versions/A/Frameworks/OSServices.framework/Versions/A/OSServices
0x000000000dc3a000 	/System/Library/Frameworks/CoreServices.framework/Versions/A/Frameworks/SearchKit.framework/Versions/A/SearchKit
0x000000000dc3a000 	/System/Library/Frameworks/CoreServices.framework/Versions/A/Frameworks/AE.framework/Versions/A/AE
0x000000000dc3a000 	/System/Library/Frameworks/CoreServices.framework/Versions/A/Frameworks/LaunchServices.framework/Versions/A/LaunchServices
0x000000000dc3a000 	/System/Library/Frameworks/CoreServices.framework/Versions/A/Frameworks/DictionaryServices.framework/Versions/A/DictionaryServices
0x000000000dc3a000 	/System/Library/Frameworks/NetFS.framework/Versions/A/NetFS
0x000000000dc3a000 	/usr/lib/system/libkxld.dylib
0x000000000dc3a000 	/System/Library/PrivateFrameworks/NetAuth.framework/Versions/A/NetAuth
0x000000000dc3a000 	/usr/lib/libcrypto.0.9.8.dylib
0x000000000dc3a000 	/System/Library/PrivateFrameworks/TrustEvaluationAgent.framework/Versions/A/TrustEvaluationAgent
0x000000000dc3a000 	/System/Library/Frameworks/OpenDirectory.framework/Versions/A/Frameworks/CFOpenDirectory.framework/Versions/A/CFOpenDirectory
0x000000000dc3a000 	/usr/lib/libxslt.1.dylib
0x000000000dc3a000 	/System/Library/PrivateFrameworks/FamilyControls.framework/Versions/A/FamilyControls
0x000000000dc3a000 	/System/Library/Frameworks/Carbon.framework/Versions/A/Frameworks/Ink.framework/Versions/A/Ink
0x000000000dc3a000 	/System/Library/Frameworks/ApplicationServices.framework/Versions/A/Frameworks/CoreGraphics.framework/Versions/A/CoreGraphics
0x000000000dc3a000 	/System/Library/Frameworks/ApplicationServices.framework/Versions/A/Frameworks/ImageIO.framework/Versions/A/ImageIO
0x000000000dc3a000 	/System/Library/Frameworks/ApplicationServices.framework/Versions/A/Frameworks/CoreText.framework/Versions/A/CoreText
0x000000000dc3a000 	/System/Library/Frameworks/ApplicationServices.framework/Versions/A/Frameworks/ATS.framework/Versions/A/ATS
0x000000000dc3a000 	/System/Library/Frameworks/ApplicationServices.framework/Versions/A/Frameworks/ColorSync.framework/Versions/A/ColorSync
0x000000000dc3a000 	/System/Library/Frameworks/ApplicationServices.framework/Versions/A/Frameworks/HIServices.framework/Versions/A/HIServices
0x000000000dc3a000 	/System/Library/Frameworks/ApplicationServices.framework/Versions/A/Frameworks/LangAnalysis.framework/Versions/A/LangAnalysis
0x000000000dc3a000 	/System/Library/Frameworks/ApplicationServices.framework/Versions/A/Frameworks/PrintCore.framework/Versions/A/PrintCore
0x000000000dc3a000 	/System/Library/Frameworks/ApplicationServices.framework/Versions/A/Frameworks/QD.framework/Versions/A/QD
0x000000000dc3a000 	/System/Library/Frameworks/ApplicationServices.framework/Versions/A/Frameworks/SpeechSynthesis.framework/Versions/A/SpeechSynthesis
0x000000000dc3a000 	/System/Library/Frameworks/IOSurface.framework/Versions/A/IOSurface
0x000000000dc3a000 	/System/Library/Frameworks/Accelerate.framework/Versions/A/Accelerate
0x000000000dc3a000 	/System/Library/Frameworks/ApplicationServices.framework/Versions/A/Frameworks/ImageIO.framework/Versions/A/Resources/libJPEG.dylib
0x000000000dc3a000 	/System/Library/Frameworks/ApplicationServices.framework/Versions/A/Frameworks/ImageIO.framework/Versions/A/Resources/libTIFF.dylib
0x000000000dc3a000 	/System/Library/Frameworks/ApplicationServices.framework/Versions/A/Frameworks/ImageIO.framework/Versions/A/Resources/libPng.dylib
0x000000000dc3a000 	/System/Library/Frameworks/ApplicationServices.framework/Versions/A/Frameworks/ImageIO.framework/Versions/A/Resources/libGIF.dylib
0x000000000dc3a000 	/System/Library/Frameworks/ApplicationServices.framework/Versions/A/Frameworks/ImageIO.framework/Versions/A/Resources/libJP2.dylib
0x000000000dc3a000 	/System/Library/Frameworks/ApplicationServices.framework/Versions/A/Frameworks/ImageIO.framework/Versions/A/Resources/libRadiance.dylib
0x000000000dc3a000 	/System/Library/Frameworks/Accelerate.framework/Versions/A/Frameworks/vImage.framework/Versions/A/vImage
0x000000000dc3a000 	/System/Library/Frameworks/Accelerate.framework/Versions/A/Frameworks/vecLib.framework/Versions/A/vecLib
0x000000000dc3a000 	/System/Library/Frameworks/Accelerate.framework/Versions/A/Frameworks/vecLib.framework/Versions/A/libvDSP.dylib
0x000000000dc3a000 	/System/Library/Frameworks/Accelerate.framework/Versions/A/Frameworks/vecLib.framework/Versions/A/libvMisc.dylib
0x000000000dc3a000 	/System/Library/Frameworks/Accelerate.framework/Versions/A/Frameworks/vecLib.framework/Versions/A/libLAPACK.dylib
0x000000000dc3a000 	/System/Library/Frameworks/Accelerate.framework/Versions/A/Frameworks/vecLib.framework/Versions/A/libBLAS.dylib
0x000000000dc3a000 	/System/Library/Frameworks/ApplicationServices.framework/Versions/A/Frameworks/ATS.framework/Versions/A/Resources/libFontParser.dylib
0x000000000dc3a000 	/System/Library/Frameworks/ApplicationServices.framework/Versions/A/Frameworks/ATS.framework/Versions/A/Resources/libFontRegistry.dylib
0x000000000dc3a000 	/usr/lib/libcups.2.dylib
0x000000000dc3a000 	/System/Library/Frameworks/Kerberos.framework/Versions/A/Kerberos
0x000000000dc3a000 	/System/Library/Frameworks/GSS.framework/Versions/A/GSS
0x000000000dc3a000 	/usr/lib/libresolv.9.dylib
0x000000000dc3a000 	/usr/lib/libiconv.2.dylib
0x000000000dc3a000 	/System/Library/PrivateFrameworks/Heimdal.framework/Versions/A/Heimdal
0x000000000dc3a000 	/System/Library/Frameworks/OpenDirectory.framework/Versions/A/OpenDirectory
0x000000000dc3a000 	/System/Library/PrivateFrameworks/CommonAuth.framework/Versions/A/CommonAuth
0x000000000dc3a000 	/System/Library/Frameworks/CoreVideo.framework/Versions/A/CoreVideo
0x000000000dc3a000 	/System/Library/Frameworks/QuartzCore.framework/Versions/A/Frameworks/CoreImage.framework/Versions/A/CoreImage
0x000000000dc3a000 	/System/Library/Frameworks/QuartzCore.framework/Versions/A/Frameworks/ScalableUserInterface.framework/Versions/A/ScalableUserInterface
0x000000000dc3a000 	/System/Library/Frameworks/OpenGL.framework/Versions/A/Libraries/libGLU.dylib
0x000000000dc3a000 	/System/Library/Frameworks/OpenGL.framework/Versions/A/Libraries/libGFXShared.dylib
0x000000000dc3a000 	/System/Library/Frameworks/OpenGL.framework/Versions/A/Libraries/libGL.dylib
0x000000000dc3a000 	/System/Library/Frameworks/OpenGL.framework/Versions/A/Libraries/libGLImage.dylib
0x000000000dc3a000 	/System/Library/Frameworks/OpenGL.framework/Versions/A/Libraries/libCVMSPluginSupport.dylib
0x000000000dc3a000 	/System/Library/Frameworks/OpenGL.framework/Versions/A/Libraries/libCoreVMClient.dylib
0x000000000dc3a000 	/System/Library/Frameworks/OpenCL.framework/Versions/A/OpenCL
0x000000000dc3a000 	/System/Library/PrivateFrameworks/FaceCoreLight.framework/Versions/A/FaceCoreLight
0x000000000dc3a000 	/System/Library/Frameworks/vecLib.framework/Versions/A/vecLib
0x000000000dc3a000 	/System/Library/Frameworks/SecurityFoundation.framework/Versions/A/SecurityFoundation
0x000000000dc3a000 	/System/Library/PrivateFrameworks/CommerceKit.framework/Versions/A/Frameworks/CommerceCore.framework/Versions/A/CommerceCore
0x000000000dc3a000 	/System/Library/PrivateFrameworks/CoreSymbolication.framework/Versions/A/CoreSymbolication
0x000000000dc3a000 	/System/Library/PrivateFrameworks/Symbolication.framework/Versions/A/Symbolication
0x000000000dc3a000 	/System/Library/PrivateFrameworks/DebugSymbols.framework/Versions/A/DebugSymbols
0x000000010e100000 	/Library/Java/JavaVirtualMachines/jdk1.8.0_73.jdk/Contents/Home/jre/lib/server/libjvm.dylib
0x000000010dfbe000 	/Library/Java/JavaVirtualMachines/jdk1.8.0_73.jdk/Contents/Home/jre/lib/libverify.dylib
0x000000010f190000 	/Library/Java/JavaVirtualMachines/jdk1.8.0_73.jdk/Contents/Home/jre/lib/libjava.dylib
0x000000010f1c5000 	/Library/Java/JavaVirtualMachines/jdk1.8.0_73.jdk/Contents/Home/jre/lib/libjdwp.dylib
0x000000010dfcd000 	/Library/Java/JavaVirtualMachines/jdk1.8.0_73.jdk/Contents/Home/jre/lib/libnpt.dylib
0x000000010dfda000 	/Library/Java/JavaVirtualMachines/jdk1.8.0_73.jdk/Contents/Home/jre/lib/libzip.dylib
0x000000010dfe4000 	/System/Library/Frameworks/JavaVM.framework/Frameworks/JavaRuntimeSupport.framework/JavaRuntimeSupport
0x0000000125287000 	/System/Library/Frameworks/JavaVM.framework/Versions/A/Frameworks/JavaNativeFoundation.framework/Versions/A/JavaNativeFoundation
0x000000012529c000 	/System/Library/Frameworks/JavaVM.framework/Versions/A/JavaVM
0x000000000dc3a000 	/System/Library/Frameworks/Carbon.framework/Versions/A/Carbon
0x00000001252a9000 	/System/Library/PrivateFrameworks/JavaLaunching.framework/Versions/A/JavaLaunching
0x000000000dc3a000 	/System/Library/Frameworks/Carbon.framework/Versions/A/Frameworks/CommonPanels.framework/Versions/A/CommonPanels
0x000000000dc3a000 	/System/Library/Frameworks/Carbon.framework/Versions/A/Frameworks/Help.framework/Versions/A/Help
0x000000000dc3a000 	/System/Library/Frameworks/Carbon.framework/Versions/A/Frameworks/ImageCapture.framework/Versions/A/ImageCapture
0x000000000dc3a000 	/System/Library/Frameworks/Carbon.framework/Versions/A/Frameworks/OpenScripting.framework/Versions/A/OpenScripting
0x000000000dc3a000 	/System/Library/Frameworks/Carbon.framework/Versions/A/Frameworks/Print.framework/Versions/A/Print
0x000000000dc3a000 	/System/Library/Frameworks/Carbon.framework/Versions/A/Frameworks/SecurityHI.framework/Versions/A/SecurityHI
0x0000000125577000 	/Library/Java/JavaVirtualMachines/jdk1.8.0_73.jdk/Contents/Home/jre/lib/libdt_socket.dylib

VM Arguments:
jvm_args: -agentlib:jdwp=transport=dt_socket,suspend=y,address=localhost:50928 -Dfile.encoding=UTF-8 
java_command: TreebankUdConverter
java_class_path (initial): /Users/bcmpbell/Documents/workspace/TreebankUdConverter/bin
Launcher Type: SUN_STANDARD

Environment Variables:
PATH=/usr/local/bin:/usr/local/sbin:/usr/bin:/usr/sbin:/bin:/sbin:/Users/meh/bin
SHELL=/bin/bash
DISPLAY=/tmp/launch-HMZdaN/org.x:0

Signal Handlers:
SIGSEGV: [libjvm.dylib+0x5a71a5], sa_mask[0]=11111111011111110111111111111111, sa_flags=SA_ONSTACK|SA_RESTART|SA_SIGINFO
SIGBUS: [libjvm.dylib+0x5a71a5], sa_mask[0]=11111111011111110111111111111111, sa_flags=SA_RESTART|SA_SIGINFO
SIGFPE: [libjvm.dylib+0x480eb4], sa_mask[0]=11111111011111110111111111111111, sa_flags=SA_RESTART|SA_SIGINFO
SIGPIPE: [libjvm.dylib+0x480eb4], sa_mask[0]=11111111011111110111111111111111, sa_flags=SA_RESTART|SA_SIGINFO
SIGXFSZ: [libjvm.dylib+0x480eb4], sa_mask[0]=11111111011111110111111111111111, sa_flags=SA_RESTART|SA_SIGINFO
SIGILL: [libjvm.dylib+0x480eb4], sa_mask[0]=11111111011111110111111111111111, sa_flags=SA_RESTART|SA_SIGINFO
SIGUSR1: SIG_DFL, sa_mask[0]=00000000000000000000000000000000, sa_flags=SA_RESTART
SIGUSR2: [libjvm.dylib+0x4809d2], sa_mask[0]=00100000000000000000000000000000, sa_flags=SA_RESTART|SA_SIGINFO
SIGHUP: [libjvm.dylib+0x47efa9], sa_mask[0]=11111111011111110111111111111111, sa_flags=SA_RESTART|SA_SIGINFO
SIGINT: [libjvm.dylib+0x47efa9], sa_mask[0]=11111111011111110111111111111111, sa_flags=SA_RESTART|SA_SIGINFO
SIGTERM: [libjvm.dylib+0x47efa9], sa_mask[0]=11111111011111110111111111111111, sa_flags=SA_RESTART|SA_SIGINFO
SIGQUIT: [libjvm.dylib+0x47efa9], sa_mask[0]=11111111011111110111111111111111, sa_flags=SA_RESTART|SA_SIGINFO


---------------  S Y S T E M  ---------------

OS:Bsduname:Darwin 11.4.2 Darwin Kernel Version 11.4.2: Thu Aug 23 16:25:48 PDT 2012; root:xnu-1699.32.7~1/RELEASE_X86_64 x86_64
rlimit: STACK 8192k, CORE 0k, NPROC 709, NOFILE 10240, AS infinity
load average:0.24 0.40 0.36

CPU:total 4 (4 cores per cpu, 1 threads per core) family 6 model 42 stepping 7, cmov, cx8, fxsr, mmx, sse, sse2, sse3, ssse3, sse4.1, sse4.2, popcnt, avx, aes, clmul, tsc, tscinvbit

Memory: 4k page, physical 8388608k(1365324k free)

/proc/meminfo:


vm_info: Java HotSpot(TM) 64-Bit Server VM (25.73-b02) for bsd-amd64 JRE (1.8.0_73-b02), built on Jan 29 2016 15:02:00 by "java_re" with gcc 4.2.1 (Based on Apple Inc. build 5658) (LLVM build 2336.11.00)

time: Thu Oct  6 19:04:20 2016
elapsed time: 1293 seconds (0d 0h 21m 33s)

